Build started 3/25/2012 1:30:34 AM.
     1>Project "E:\Workspace\gitHub\cpmlic\CarParkMonitor\HogTraining\HogTraining.vcxproj" on node 2 (build target(s)).
     1>InitializeBuildStatus:
         Touching "Debug\HogTraining.unsuccessfulbuild".
       ClCompile:
         All outputs are up-to-date.
       ManifestResourceCompile:
         All outputs are up-to-date.
       Link:
         D:\Programs\Visual Studio 2010\VC\bin\link.exe /ERRORREPORT:PROMPT /OUT:"E:\Workspace\gitHub\cpmlic\CarParkMonitor\Debug\HogTraining.exe" /INCREMENTAL /NOLOGO /LIBPATH:D:\Programs\Libs\opencv\build\gpu\x64\lib opencv_calib3d231d.lib opencv_contrib231d.lib opencv_core231d.lib opencv_features2d231d.lib opencv_flann231d.lib opencv_gpu231d.lib opencv_haartraining_engined.lib opencv_highgui231d.lib opencv_imgproc231d.lib opencv_legacy231d.lib opencv_ml231d.lib opencv_objdetect231d.lib opencv_ts231d.lib opencv_video231d.lib kernel32.lib user32.lib gdi32.lib winspool.lib comdlg32.lib advapi32.lib shell32.lib ole32.lib oleaut32.lib uuid.lib odbc32.lib odbccp32.lib /MANIFEST /ManifestFile:"Debug\HogTraining.exe.intermediate.manifest" /MANIFESTUAC:"level='asInvoker' uiAccess='false'" /DEBUG /PDB:"E:\Workspace\gitHub\cpmlic\CarParkMonitor\Debug\HogTraining.pdb" /SUBSYSTEM:CONSOLE /TLBID:1 /DYNAMICBASE /NXCOMPAT /IMPLIB:"E:\Workspace\gitHub\cpmlic\CarParkMonitor\Debug\HogTraining.lib" /MACHINE:X86 Debug\HogTraining.exe.embed.manifest.res
         Debug\HogFramer.obj
         Debug\main.obj
         E:\Workspace\gitHub\cpmlic\CarParkMonitor\x64\Debug\VtImpl.lib
         E:\Workspace\gitHub\cpmlic\CarParkMonitor\x64\Debug\VtLib.lib
     1>main.obj : error LNK2019: unresolved external symbol "public: static char * __cdecl Content::videoFile(char *)" (?videoFile@Content@@SAPADPAD@Z) referenced in function _main
     1>E:\Workspace\gitHub\cpmlic\CarParkMonitor\Debug\HogTraining.exe : fatal error LNK1120: 1 unresolved externals
     1>Done Building Project "E:\Workspace\gitHub\cpmlic\CarParkMonitor\HogTraining\HogTraining.vcxproj" (build target(s)) -- FAILED.

Build FAILED.

Time Elapsed 00:00:00.20
